<?xml version="1.0" encoding="UTF-8"?>
<!-- Generated by org.testng.reporters.JUnitXMLReporter -->
<testsuite hostname="cornelia-VirtualBox" name="Surefire test" tests="29" failures="0" timestamp="14 Dec 2017 11:40:20 GMT" time="5.563" errors="0">
  <testcase name="testDivideByZero on testDivideByZero(com.example.maven.calculator_mirunal_cornelial.SimpleCalculatorTest)" time="1.382" classname="com.example.maven.calculator_mirunal_cornelial.SimpleCalculatorTest"/>
  <testcase name="testDivideMethod on testDivideMethod(com.example.maven.calculator_mirunal_cornelial.SimpleCalculatorTest)" time="0.095" classname="com.example.maven.calculator_mirunal_cornelial.SimpleCalculatorTest"/>
  <testcase name="testMultiplyNegativeMethod on testMultiplyNegativeMethod(com.example.maven.calculator_mirunal_cornelial.SimpleCalculatorTest)" time="0.016" classname="com.example.maven.calculator_mirunal_cornelial.SimpleCalculatorTest"/>
  <testcase name="testDivideNegativeMethod on testDivideNegativeMethod(com.example.maven.calculator_mirunal_cornelial.SimpleCalculatorTest)" time="0.088" classname="com.example.maven.calculator_mirunal_cornelial.SimpleCalculatorTest"/>
  <testcase name="testSubtractWithZero on testSubtractWithZero(com.example.maven.calculator_mirunal_cornelial.SimpleCalculatorTest)" time="0.743" classname="com.example.maven.calculator_mirunal_cornelial.SimpleCalculatorTest"/>
  <testcase name="testMultiplyMethod on testMultiplyMethod(com.example.maven.calculator_mirunal_cornelial.SimpleCalculatorTest)" time="0.096" classname="com.example.maven.calculator_mirunal_cornelial.SimpleCalculatorTest"/>
  <testcase name="testAddMethod on testAddMethod(com.example.maven.calculator_mirunal_cornelial.SimpleCalculatorTest)" time="0.005" classname="com.example.maven.calculator_mirunal_cornelial.SimpleCalculatorTest"/>
  <testcase name="testSubtractMethod on testSubtractMethod(com.example.maven.calculator_mirunal_cornelial.SimpleCalculatorTest)" time="0.086" classname="com.example.maven.calculator_mirunal_cornelial.SimpleCalculatorTest"/>
  <testcase name="testSubtractNegativeMethod on testSubtractNegativeMethod(com.example.maven.calculator_mirunal_cornelial.SimpleCalculatorTest)" time="0.042" classname="com.example.maven.calculator_mirunal_cornelial.SimpleCalculatorTest"/>
  <testcase name="testAddWithZero on testAddWithZero(com.example.maven.calculator_mirunal_cornelial.SimpleCalculatorTest)" time="0.691" classname="com.example.maven.calculator_mirunal_cornelial.SimpleCalculatorTest"/>
  <testcase name="testMultiplyWithZero on testMultiplyWithZero(com.example.maven.calculator_mirunal_cornelial.SimpleCalculatorTest)" time="0.541" classname="com.example.maven.calculator_mirunal_cornelial.SimpleCalculatorTest"/>
  <testcase name="testAddNegativeMethod on testAddNegativeMethod(com.example.maven.calculator_mirunal_cornelial.SimpleCalculatorTest)" time="0.08" classname="com.example.maven.calculator_mirunal_cornelial.SimpleCalculatorTest"/>
  <testcase name="testZeroCubeRoot on testZeroCubeRoot(com.example.maven.calculator_mirunal_cornelial.AdvancedCalculatorTest)" time="0.19" classname="com.example.maven.calculator_mirunal_cornelial.AdvancedCalculatorTest"/>
  <testcase name="testNegativeRemainder on testNegativeRemainder(com.example.maven.calculator_mirunal_cornelial.AdvancedCalculatorTest)" time="0.004" classname="com.example.maven.calculator_mirunal_cornelial.AdvancedCalculatorTest"/>
  <testcase name="testNegativeRaiseToThePowerOf2 on testNegativeRaiseToThePowerOf2(com.example.maven.calculator_mirunal_cornelial.AdvancedCalculatorTest)" time="0.006" classname="com.example.maven.calculator_mirunal_cornelial.AdvancedCalculatorTest"/>
  <testcase name="testNegativeRaiseToThePowerOf3 on testNegativeRaiseToThePowerOf3(com.example.maven.calculator_mirunal_cornelial.AdvancedCalculatorTest)" time="0.173" classname="com.example.maven.calculator_mirunal_cornelial.AdvancedCalculatorTest"/>
  <testcase name="testNegativeRaiseToThePowerOf4 on testNegativeRaiseToThePowerOf4(com.example.maven.calculator_mirunal_cornelial.AdvancedCalculatorTest)" time="0.006" classname="com.example.maven.calculator_mirunal_cornelial.AdvancedCalculatorTest"/>
  <testcase name="testNegativeCubeRoot on testNegativeCubeRoot(com.example.maven.calculator_mirunal_cornelial.AdvancedCalculatorTest)" time="0.016" classname="com.example.maven.calculator_mirunal_cornelial.AdvancedCalculatorTest"/>
  <testcase name="testRaiseToThePowerOf2 on testRaiseToThePowerOf2(com.example.maven.calculator_mirunal_cornelial.AdvancedCalculatorTest)" time="0.012" classname="com.example.maven.calculator_mirunal_cornelial.AdvancedCalculatorTest"/>
  <testcase name="testRaiseToThePowerOf3 on testRaiseToThePowerOf3(com.example.maven.calculator_mirunal_cornelial.AdvancedCalculatorTest)" time="0.063" classname="com.example.maven.calculator_mirunal_cornelial.AdvancedCalculatorTest"/>
  <testcase name="testRaiseToThePowerOf4 on testRaiseToThePowerOf4(com.example.maven.calculator_mirunal_cornelial.AdvancedCalculatorTest)" time="0.003" classname="com.example.maven.calculator_mirunal_cornelial.AdvancedCalculatorTest"/>
  <testcase name="testNegativeSquareRoot on testNegativeSquareRoot(com.example.maven.calculator_mirunal_cornelial.AdvancedCalculatorTest)" time="0.022" classname="com.example.maven.calculator_mirunal_cornelial.AdvancedCalculatorTest"/>
  <testcase name="testCubeRoot on testCubeRoot(com.example.maven.calculator_mirunal_cornelial.AdvancedCalculatorTest)" time="0.076" classname="com.example.maven.calculator_mirunal_cornelial.AdvancedCalculatorTest"/>
  <testcase name="testSquareRoot on testSquareRoot(com.example.maven.calculator_mirunal_cornelial.AdvancedCalculatorTest)" time="0.009" classname="com.example.maven.calculator_mirunal_cornelial.AdvancedCalculatorTest"/>
  <testcase name="testZeroRaiseToThePowerOf2 on testZeroRaiseToThePowerOf2(com.example.maven.calculator_mirunal_cornelial.AdvancedCalculatorTest)" time="0.081" classname="com.example.maven.calculator_mirunal_cornelial.AdvancedCalculatorTest"/>
  <testcase name="testZeroRaiseToThePowerOf3 on testZeroRaiseToThePowerOf3(com.example.maven.calculator_mirunal_cornelial.AdvancedCalculatorTest)" time="0.019" classname="com.example.maven.calculator_mirunal_cornelial.AdvancedCalculatorTest"/>
  <testcase name="testZeroRaiseToThePowerOf4 on testZeroRaiseToThePowerOf4(com.example.maven.calculator_mirunal_cornelial.AdvancedCalculatorTest)" time="0.003" classname="com.example.maven.calculator_mirunal_cornelial.AdvancedCalculatorTest"/>
  <testcase name="testRemainder on testRemainder(com.example.maven.calculator_mirunal_cornelial.AdvancedCalculatorTest)" time="0.006" classname="com.example.maven.calculator_mirunal_cornelial.AdvancedCalculatorTest"/>
  <testcase name="testZeroSquareRoot on testZeroSquareRoot(com.example.maven.calculator_mirunal_cornelial.AdvancedCalculatorTest)" time="0.285" classname="com.example.maven.calculator_mirunal_cornelial.AdvancedCalculatorTest"/>
</testsuite> <!-- Surefire test -->
