<?xml version="1.0" encoding="UTF-8"?>
<testsuite name="TestSuite" time="4.642" tests="29" errors="0" skipped="0" failures="0">
  <properties>
[...]
</properties>
  <testcase name="testDivideByZero on testDivideByZero(com.example.maven.calculator_mirunal_cornelial.SimpleCalculatorTest)" classname="com.example.maven.calculator_mirunal_cornelial.SimpleCalculatorTest" time="1.362"/>
  <testcase name="testDivideMethod on testDivideMethod(com.example.maven.calculator_mirunal_cornelial.SimpleCalculatorTest)" classname="com.example.maven.calculator_mirunal_cornelial.SimpleCalculatorTest" time="0"/>
  <testcase name="testMultiplyNegativeMethod on testMultiplyNegativeMethod(com.example.maven.calculator_mirunal_cornelial.SimpleCalculatorTest)" classname="com.example.maven.calculator_mirunal_cornelial.SimpleCalculatorTest" time="0.001"/>
  <testcase name="testDivideNegativeMethod on testDivideNegativeMethod(com.example.maven.calculator_mirunal_cornelial.SimpleCalculatorTest)" classname="com.example.maven.calculator_mirunal_cornelial.SimpleCalculatorTest" time="0.075"/>
  <testcase name="testSubtractWithZero on testSubtractWithZero(com.example.maven.calculator_mirunal_cornelial.SimpleCalculatorTest)" classname="com.example.maven.calculator_mirunal_cornelial.SimpleCalculatorTest" time="0.741"/>
  <testcase name="testMultiplyMethod on testMultiplyMethod(com.example.maven.calculator_mirunal_cornelial.SimpleCalculatorTest)" classname="com.example.maven.calculator_mirunal_cornelial.SimpleCalculatorTest" time="0.183"/>
  <testcase name="testAddMethod on testAddMethod(com.example.maven.calculator_mirunal_cornelial.SimpleCalculatorTest)" classname="com.example.maven.calculator_mirunal_cornelial.SimpleCalculatorTest" time="0.001"/>
  <testcase name="testSubtractMethod on testSubtractMethod(com.example.maven.calculator_mirunal_cornelial.SimpleCalculatorTest)" classname="com.example.maven.calculator_mirunal_cornelial.SimpleCalculatorTest" time="0.003"/>
  <testcase name="testSubtractNegativeMethod on testSubtractNegativeMethod(com.example.maven.calculator_mirunal_cornelial.SimpleCalculatorTest)" classname="com.example.maven.calculator_mirunal_cornelial.SimpleCalculatorTest" time="0.045"/>
  <testcase name="testAddWithZero on testAddWithZero(com.example.maven.calculator_mirunal_cornelial.SimpleCalculatorTest)" classname="com.example.maven.calculator_mirunal_cornelial.SimpleCalculatorTest" time="0.691"/>
  <testcase name="testMultiplyWithZero on testMultiplyWithZero(com.example.maven.calculator_mirunal_cornelial.SimpleCalculatorTest)" classname="com.example.maven.calculator_mirunal_cornelial.SimpleCalculatorTest" time="0.54"/>
  <testcase name="testAddNegativeMethod on testAddNegativeMethod(com.example.maven.calculator_mirunal_cornelial.SimpleCalculatorTest)" classname="com.example.maven.calculator_mirunal_cornelial.SimpleCalculatorTest" time="0.079"/>
  <testcase name="testZeroCubeRoot on testZeroCubeRoot(com.example.maven.calculator_mirunal_cornelial.AdvancedCalculatorTest)" classname="com.example.maven.calculator_mirunal_cornelial.AdvancedCalculatorTest" time="0.256"/>
  <testcase name="testNegativeRemainder on testNegativeRemainder(com.example.maven.calculator_mirunal_cornelial.AdvancedCalculatorTest)" classname="com.example.maven.calculator_mirunal_cornelial.AdvancedCalculatorTest" time="0"/>
  <testcase name="testNegativeRaiseToThePowerOf2 on testNegativeRaiseToThePowerOf2(com.example.maven.calculator_mirunal_cornelial.AdvancedCalculatorTest)" classname="com.example.maven.calculator_mirunal_cornelial.AdvancedCalculatorTest" time="0.005"/>
  <testcase name="testNegativeRaiseToThePowerOf3 on testNegativeRaiseToThePowerOf3(com.example.maven.calculator_mirunal_cornelial.AdvancedCalculatorTest)" classname="com.example.maven.calculator_mirunal_cornelial.AdvancedCalculatorTest" time="0.067"/>
  <testcase name="testNegativeRaiseToThePowerOf4 on testNegativeRaiseToThePowerOf4(com.example.maven.calculator_mirunal_cornelial.AdvancedCalculatorTest)" classname="com.example.maven.calculator_mirunal_cornelial.AdvancedCalculatorTest" time="0"/>
  <testcase name="testNegativeCubeRoot on testNegativeCubeRoot(com.example.maven.calculator_mirunal_cornelial.AdvancedCalculatorTest)" classname="com.example.maven.calculator_mirunal_cornelial.AdvancedCalculatorTest" time="0.01"/>
  <testcase name="testRaiseToThePowerOf2 on testRaiseToThePowerOf2(com.example.maven.calculator_mirunal_cornelial.AdvancedCalculatorTest)" classname="com.example.maven.calculator_mirunal_cornelial.AdvancedCalculatorTest" time="0.011"/>
  <testcase name="testRaiseToThePowerOf3 on testRaiseToThePowerOf3(com.example.maven.calculator_mirunal_cornelial.AdvancedCalculatorTest)" classname="com.example.maven.calculator_mirunal_cornelial.AdvancedCalculatorTest" time="0.063"/>
  <testcase name="testRaiseToThePowerOf4 on testRaiseToThePowerOf4(com.example.maven.calculator_mirunal_cornelial.AdvancedCalculatorTest)" classname="com.example.maven.calculator_mirunal_cornelial.AdvancedCalculatorTest" time="0.001"/>
  <testcase name="testNegativeSquareRoot on testNegativeSquareRoot(com.example.maven.calculator_mirunal_cornelial.AdvancedCalculatorTest)" classname="com.example.maven.calculator_mirunal_cornelial.AdvancedCalculatorTest" time="0.028"/>
  <testcase name="testCubeRoot on testCubeRoot(com.example.maven.calculator_mirunal_cornelial.AdvancedCalculatorTest)" classname="com.example.maven.calculator_mirunal_cornelial.AdvancedCalculatorTest" time="0.071"/>
  <testcase name="testSquareRoot on testSquareRoot(com.example.maven.calculator_mirunal_cornelial.AdvancedCalculatorTest)" classname="com.example.maven.calculator_mirunal_cornelial.AdvancedCalculatorTest" time="0.008"/>
  <testcase name="testZeroRaiseToThePowerOf2 on testZeroRaiseToThePowerOf2(com.example.maven.calculator_mirunal_cornelial.AdvancedCalculatorTest)" classname="com.example.maven.calculator_mirunal_cornelial.AdvancedCalculatorTest" time="0.08"/>
  <testcase name="testZeroRaiseToThePowerOf3 on testZeroRaiseToThePowerOf3(com.example.maven.calculator_mirunal_cornelial.AdvancedCalculatorTest)" classname="com.example.maven.calculator_mirunal_cornelial.AdvancedCalculatorTest" time="0.025"/>
  <testcase name="testZeroRaiseToThePowerOf4 on testZeroRaiseToThePowerOf4(com.example.maven.calculator_mirunal_cornelial.AdvancedCalculatorTest)" classname="com.example.maven.calculator_mirunal_cornelial.AdvancedCalculatorTest" time="0"/>
  <testcase name="testRemainder on testRemainder(com.example.maven.calculator_mirunal_cornelial.AdvancedCalculatorTest)" classname="com.example.maven.calculator_mirunal_cornelial.AdvancedCalculatorTest" time="0.007"/>
  <testcase name="testZeroSquareRoot on testZeroSquareRoot(com.example.maven.calculator_mirunal_cornelial.AdvancedCalculatorTest)" classname="com.example.maven.calculator_mirunal_cornelial.AdvancedCalculatorTest" time="0.289"/>
</testsuite>